#
# There is insufficient memory for the Java Runtime Environment to continue.
# Native memory allocation (mmap) failed to map 20971520 bytes for committing reserved memory.
# Possible reasons:
#   The system is out of physical RAM or swap space
#   In 32 bit mode, the process size limit was hit
# Possible solutions:
#   Reduce memory load on the system
#   Increase physical memory or swap space
#   Check if swap backing store is full
#   Use 64 bit Java on a 64 bit OS
#   Decrease Java heap size (-Xmx/-Xms)
#   Decrease number of Java threads
#   Decrease Java thread stack sizes (-Xss)
#   Set larger code cache with -XX:ReservedCodeCacheSize=
# This output file may be truncated or incomplete.
#
#  Out of Memory Error (os_linux.cpp:2627), pid=21815, tid=0x00007f4c28a8b700
#
# JRE version:  (8.0_101-b13) (build )
# Java VM: Java HotSpot(TM) 64-Bit Server VM (25.101-b13 mixed mode linux-amd64 compressed oops)
# Failed to write core dump. Core dumps have been disabled. To enable core dumping, try "ulimit -c unlimited" before starting Java again
#

---------------  T H R E A D  ---------------

Current thread (0x00007f4c2000a000):  JavaThread "Unknown thread" [_thread_in_vm, id=21822, stack(0x00007f4c2898b000,0x00007f4c28a8c000)]

Stack: [0x00007f4c2898b000,0x00007f4c28a8c000],  sp=0x00007f4c28a8a350,  free space=1020k
Native frames: (J=compiled Java code, j=interpreted, Vv=VM code, C=native code)
V  [libjvm.so+0xac3f0a]  VMError::report_and_die()+0x2ba
V  [libjvm.so+0x4fbf9b]  report_vm_out_of_memory(char const*, int, unsigned long, VMErrorType, char const*)+0x8b
V  [libjvm.so+0x9222d3]  os::Linux::commit_memory_impl(char*, unsigned long, bool)+0x103
V  [libjvm.so+0x922829]  os::pd_commit_memory(char*, unsigned long, unsigned long, bool)+0x29
V  [libjvm.so+0x91cb2a]  os::commit_memory(char*, unsigned long, unsigned long, bool)+0x2a
V  [libjvm.so+0x991053]  PSVirtualSpace::expand_by(unsigned long)+0x53
V  [libjvm.so+0x981177]  PSOldGen::initialize(ReservedSpace, unsigned long, char const*, int)+0xb7
V  [libjvm.so+0x2d884a]  AdjoiningGenerations::AdjoiningGenerations(ReservedSpace, GenerationSizer*, unsigned long)+0x39a
V  [libjvm.so+0x945686]  ParallelScavengeHeap::initialize()+0x1d6
V  [libjvm.so+0xa8c753]  Universe::initialize_heap()+0xf3
V  [libjvm.so+0xa8c99e]  universe_init()+0x3e
V  [libjvm.so+0x63bdf5]  init_globals()+0x65
V  [libjvm.so+0xa70bfe]  Threads::create_vm(JavaVMInitArgs*, bool*)+0x23e
V  [libjvm.so+0x6d08f4]  JNI_CreateJavaVM+0x74
C  [libjli.so+0x745e]  JavaMain+0x9e
C  [libpthread.so.0+0x7e9a]  start_thread+0xda


---------------  P R O C E S S  ---------------

Java Threads: ( => current thread )

Other Threads:

=>0x00007f4c2000a000 (exited) JavaThread "Unknown thread" [_thread_in_vm, id=21822, stack(0x00007f4c2898b000,0x00007f4c28a8c000)]

VM state:not at safepoint (not fully initialized)

VM Mutex/Monitor currently owned by a thread: None

GC Heap History (0 events):
No events

Deoptimization events (0 events):
No events

Internal exceptions (0 events):
No events

Events (0 events):
No events


Dynamic libraries:
00400000-00401000 r-xp 00000000 08:01 11154825                           /usr/JAVA/jdk1.8.0_101/bin/java
00600000-00601000 rw-p 00000000 08:01 11154825                           /usr/JAVA/jdk1.8.0_101/bin/java
009df000-00a00000 rw-p 00000000 00:00 0                                  [heap]
e4600000-f6600000 ---p 00000000 00:00 0 
f6600000-f7000000 rw-p 00000000 00:00 0 
f7000000-100000000 ---p 00000000 00:00 0 
7f4c11000000-7f4c11270000 rwxp 00000000 00:00 0 
7f4c11270000-7f4c20000000 ---p 00000000 00:00 0 
7f4c20000000-7f4c20032000 rw-p 00000000 00:00 0 
7f4c20032000-7f4c24000000 ---p 00000000 00:00 0 
7f4c253eb000-7f4c25674000 rw-p 00000000 00:00 0 
7f4c25674000-7f4c2570e000 ---p 00000000 00:00 0 
7f4c2570e000-7f4c25713000 rw-p 00000000 00:00 0 
7f4c25713000-7f4c2575b000 ---p 00000000 00:00 0 
7f4c2575b000-7f4c25766000 rw-p 00000000 00:00 0 
7f4c25766000-7f4c25b1c000 ---p 00000000 00:00 0 
7f4c25b1c000-7f4c25b36000 r-xp 00000000 08:01 11300720                   /usr/JAVA/jdk1.8.0_101/jre/lib/amd64/libzip.so
7f4c25b36000-7f4c25d36000 ---p 0001a000 08:01 11300720                   /usr/JAVA/jdk1.8.0_101/jre/lib/amd64/libzip.so
7f4c25d36000-7f4c25d37000 rw-p 0001a000 08:01 11300720                   /usr/JAVA/jdk1.8.0_101/jre/lib/amd64/libzip.so
7f4c25d37000-7f4c25d42000 r-xp 00000000 08:01 6566697                    /lib/x86_64-linux-gnu/libnss_files-2.15.so
7f4c25d42000-7f4c25f41000 ---p 0000b000 08:01 6566697                    /lib/x86_64-linux-gnu/libnss_files-2.15.so
7f4c25f41000-7f4c25f42000 r--p 0000a000 08:01 6566697                    /lib/x86_64-linux-gnu/libnss_files-2.15.so
7f4c25f42000-7f4c25f43000 rw-p 0000b000 08:01 6566697                    /lib/x86_64-linux-gnu/libnss_files-2.15.so
7f4c25f43000-7f4c25f4d000 r-xp 00000000 08:01 6566703                    /lib/x86_64-linux-gnu/libnss_nis-2.15.so
7f4c25f4d000-7f4c2614d000 ---p 0000a000 08:01 6566703                    /lib/x86_64-linux-gnu/libnss_nis-2.15.so
7f4c2614d000-7f4c2614e000 r--p 0000a000 08:01 6566703                    /lib/x86_64-linux-gnu/libnss_nis-2.15.so
7f4c2614e000-7f4c2614f000 rw-p 0000b000 08:01 6566703                    /lib/x86_64-linux-gnu/libnss_nis-2.15.so
7f4c2614f000-7f4c26166000 r-xp 00000000 08:01 6566492                    /lib/x86_64-linux-gnu/libnsl-2.15.so
7f4c26166000-7f4c26365000 ---p 00017000 08:01 6566492                    /lib/x86_64-linux-gnu/libnsl-2.15.so
7f4c26365000-7f4c26366000 r--p 00016000 08:01 6566492                    /lib/x86_64-linux-gnu/libnsl-2.15.so
7f4c26366000-7f4c26367000 rw-p 00017000 08:01 6566492                    /lib/x86_64-linux-gnu/libnsl-2.15.so
7f4c26367000-7f4c26369000 rw-p 00000000 00:00 0 
7f4c26369000-7f4c26371000 r-xp 00000000 08:01 6566711                    /lib/x86_64-linux-gnu/libnss_compat-2.15.so
7f4c26371000-7f4c26570000 ---p 00008000 08:01 6566711                    /lib/x86_64-linux-gnu/libnss_compat-2.15.so
7f4c26570000-7f4c26571000 r--p 00007000 08:01 6566711                    /lib/x86_64-linux-gnu/libnss_compat-2.15.so
7f4c26571000-7f4c26572000 rw-p 00008000 08:01 6566711                    /lib/x86_64-linux-gnu/libnss_compat-2.15.so
7f4c26572000-7f4c2659c000 r-xp 00000000 08:01 11300746                   /usr/JAVA/jdk1.8.0_101/jre/lib/amd64/libjava.so
7f4c2659c000-7f4c2679c000 ---p 0002a000 08:01 11300746                   /usr/JAVA/jdk1.8.0_101/jre/lib/amd64/libjava.so
7f4c2679c000-7f4c2679e000 rw-p 0002a000 08:01 11300746                   /usr/JAVA/jdk1.8.0_101/jre/lib/amd64/libjava.so
7f4c2679e000-7f4c267ab000 r-xp 00000000 08:01 11300700                   /usr/JAVA/jdk1.8.0_101/jre/lib/amd64/libverify.so
7f4c267ab000-7f4c269ab000 ---p 0000d000 08:01 11300700                   /usr/JAVA/jdk1.8.0_101/jre/lib/amd64/libverify.so
7f4c269ab000-7f4c269ad000 rw-p 0000d000 08:01 11300700                   /usr/JAVA/jdk1.8.0_101/jre/lib/amd64/libverify.so
7f4c269ad000-7f4c269b4000 r-xp 00000000 08:01 6553634                    /lib/x86_64-linux-gnu/librt-2.15.so
7f4c269b4000-7f4c26bb3000 ---p 00007000 08:01 6553634                    /lib/x86_64-linux-gnu/librt-2.15.so
7f4c26bb3000-7f4c26bb4000 r--p 00006000 08:01 6553634                    /lib/x86_64-linux-gnu/librt-2.15.so
7f4c26bb4000-7f4c26bb5000 rw-p 00007000 08:01 6553634                    /lib/x86_64-linux-gnu/librt-2.15.so
7f4c26bb5000-7f4c26cb0000 r-xp 00000000 08:01 6566663                    /lib/x86_64-linux-gnu/libm-2.15.so
7f4c26cb0000-7f4c26eaf000 ---p 000fb000 08:01 6566663                    /lib/x86_64-linux-gnu/libm-2.15.so
7f4c26eaf000-7f4c26eb0000 r--p 000fa000 08:01 6566663                    /lib/x86_64-linux-gnu/libm-2.15.so
7f4c26eb0000-7f4c26eb1000 rw-p 000fb000 08:01 6566663                    /lib/x86_64-linux-gnu/libm-2.15.so
7f4c26eb1000-7f4c27b7c000 r-xp 00000000 08:01 11300750                   /usr/JAVA/jdk1.8.0_101/jre/lib/amd64/server/libjvm.so
7f4c27b7c000-7f4c27d7b000 ---p 00ccb000 08:01 11300750                   /usr/JAVA/jdk1.8.0_101/jre/lib/amd64/server/libjvm.so
7f4c27d7b000-7f4c27e54000 rw-p 00cca000 08:01 11300750                   /usr/JAVA/jdk1.8.0_101/jre/lib/amd64/server/libjvm.so
7f4c27e54000-7f4c27e9f000 rw-p 00000000 00:00 0 
7f4c27e9f000-7f4c28056000 r-xp 00000000 08:01 6566488                    /lib/x86_64-linux-gnu/libc-2.15.so
7f4c28056000-7f4c28255000 ---p 001b7000 08:01 6566488                    /lib/x86_64-linux-gnu/libc-2.15.so
7f4c28255000-7f4c28259000 r--p 001b6000 08:01 6566488                    /lib/x86_64-linux-gnu/libc-2.15.so
7f4c28259000-7f4c2825b000 rw-p 001ba000 08:01 6566488                    /lib/x86_64-linux-gnu/libc-2.15.so
7f4c2825b000-7f4c28260000 rw-p 00000000 00:00 0 
7f4c28260000-7f4c28262000 r-xp 00000000 08:01 6566481                    /lib/x86_64-linux-gnu/libdl-2.15.so
7f4c28262000-7f4c28462000 ---p 00002000 08:01 6566481                    /lib/x86_64-linux-gnu/libdl-2.15.so
7f4c28462000-7f4c28463000 r--p 00002000 08:01 6566481                    /lib/x86_64-linux-gnu/libdl-2.15.so
7f4c28463000-7f4c28464000 rw-p 00003000 08:01 6566481                    /lib/x86_64-linux-gnu/libdl-2.15.so
7f4c28464000-7f4c28479000 r-xp 00000000 08:01 10888050                   /usr/JAVA/jdk1.8.0_101/lib/amd64/jli/libjli.so
7f4c28479000-7f4c28679000 ---p 00015000 08:01 10888050                   /usr/JAVA/jdk1.8.0_101/lib/amd64/jli/libjli.so
7f4c28679000-7f4c2867a000 rw-p 00015000 08:01 10888050                   /usr/JAVA/jdk1.8.0_101/lib/amd64/jli/libjli.so
7f4c2867a000-7f4c28692000 r-xp 00000000 08:01 6566673                    /lib/x86_64-linux-gnu/libpthread-2.15.so
7f4c28692000-7f4c28891000 ---p 00018000 08:01 6566673                    /lib/x86_64-linux-gnu/libpthread-2.15.so
7f4c28891000-7f4c28892000 r--p 00017000 08:01 6566673                    /lib/x86_64-linux-gnu/libpthread-2.15.so
7f4c28892000-7f4c28893000 rw-p 00018000 08:01 6566673                    /lib/x86_64-linux-gnu/libpthread-2.15.so
7f4c28893000-7f4c28897000 rw-p 00000000 00:00 0 
7f4c28897000-7f4c288b9000 r-xp 00000000 08:01 6566685                    /lib/x86_64-linux-gnu/ld-2.15.so
7f4c2898b000-7f4c2898e000 ---p 00000000 00:00 0 
7f4c2898e000-7f4c28a90000 rw-p 00000000 00:00 0 
7f4c28aac000-7f4c28aad000 rw-p 00000000 00:00 0 
7f4c28aad000-7f4c28ab5000 rw-s 00000000 08:01 11297383                   /tmp/hsperfdata_kyin2/21815
7f4c28ab5000-7f4c28ab6000 rw-p 00000000 00:00 0 
7f4c28ab6000-7f4c28ab7000 r--p 00000000 00:00 0 
7f4c28ab7000-7f4c28ab9000 rw-p 00000000 00:00 0 
7f4c28ab9000-7f4c28aba000 r--p 00022000 08:01 6566685                    /lib/x86_64-linux-gnu/ld-2.15.so
7f4c28aba000-7f4c28abc000 rw-p 00023000 08:01 6566685                    /lib/x86_64-linux-gnu/ld-2.15.so
7ffe98e0a000-7ffe98e2b000 rw-p 00000000 00:00 0                          [stack]
7ffe98f32000-7ffe98f33000 r-xp 00000000 00:00 0                          [vdso]
ffffffffff600000-ffffffffff601000 r-xp 00000000 00:00 0                  [vsyscall]

VM Arguments:
jvm_args: -ea -Dfile.encoding=UTF-8 
java_command: org.eclipse.jdt.internal.junit.runner.RemoteTestRunner -version 3 -port 55558 -testLoaderClass org.eclipse.jdt.internal.junit4.runner.JUnit4TestLoader -loaderpluginname org.eclipse.jdt.junit4.runtime -classNames lab06.BankTester
java_class_path (initial): /u0/users/2/kyin2/Desktop/CS140/lab06/lab06/bin:/usr/local/bin/eclipse-neon/plugins/org.junit_4.12.0.v201504281640/junit.jar:/usr/local/bin/eclipse-neon/plugins/org.hamcrest.core_1.3.0.v201303031735.jar:/u0/users/2/kyin2/.eclipse/org.eclipse.platform_4.6.0_2047740434_linux_gtk_x86_64/configuration/org.eclipse.osgi/388/0/.cp/:/u0/users/2/kyin2/.eclipse/org.eclipse.platform_4.6.0_2047740434_linux_gtk_x86_64/configuration/org.eclipse.osgi/387/0/.cp/
Launcher Type: SUN_STANDARD

Environment Variables:
PATH=/usr/lib/lightdm/lightdm:/usr/local/sbin:/usr/local/bin:/usr/sbin:/usr/bin:/sbin:/bin:/usr/games
SHELL=/bin/tcsh
DISPLAY=:0

Signal Handlers:
SIGSEGV: [libjvm.so+0xac4790], sa_mask[0]=11111111011111111101111111111110, sa_flags=SA_RESTART|SA_SIGINFO
SIGBUS: [libjvm.so+0xac4790], sa_mask[0]=11111111011111111101111111111110, sa_flags=SA_RESTART|SA_SIGINFO
SIGFPE: [libjvm.so+0x91f140], sa_mask[0]=11111111011111111101111111111110, sa_flags=SA_RESTART|SA_SIGINFO
SIGPIPE: [libjvm.so+0x91f140], sa_mask[0]=11111111011111111101111111111110, sa_flags=SA_RESTART|SA_SIGINFO
SIGXFSZ: [libjvm.so+0x91f140], sa_mask[0]=11111111011111111101111111111110, sa_flags=SA_RESTART|SA_SIGINFO
SIGILL: [libjvm.so+0x91f140], sa_mask[0]=11111111011111111101111111111110, sa_flags=SA_RESTART|SA_SIGINFO
SIGUSR1: SIG_DFL, sa_mask[0]=00000000000000000000000000000000, sa_flags=none
SIGUSR2: [libjvm.so+0x920770], sa_mask[0]=00100000000000000000000000000000, sa_flags=SA_RESTART|SA_SIGINFO
SIGHUP: SIG_DFL, sa_mask[0]=00000000000000000000000000000000, sa_flags=none
SIGINT: SIG_DFL, sa_mask[0]=00000000000000000000000000000000, sa_flags=none
SIGTERM: SIG_DFL, sa_mask[0]=00000000000000000000000000000000, sa_flags=none
SIGQUIT: SIG_DFL, sa_mask[0]=00000000000000000000000000000000, sa_flags=none


---------------  S Y S T E M  ---------------

OS:DISTRIB_ID=Ubuntu
DISTRIB_RELEASE=12.04
DISTRIB_CODENAME=precise
DISTRIB_DESCRIPTION="Ubuntu 12.04.5 LTS"

uname:Linux 3.2.0-126-generic #169-Ubuntu SMP Fri Mar 31 14:15:21 UTC 2017 x86_64
libc:glibc 2.15 NPTL 2.15 
rlimit: STACK 8192k, CORE 0k, NPROC 14582, NOFILE 4096, AS infinity
load average:2.41 1.74 1.24

/proc/meminfo:
MemTotal:        1890664 kB
MemFree:           75024 kB
Buffers:             160 kB
Cached:           177236 kB
SwapCached:            0 kB
Active:          1536664 kB
Inactive:         158624 kB
Active(anon):    1522920 kB
Inactive(anon):   147452 kB
Active(file):      13744 kB
Inactive(file):    11172 kB
Unevictable:           0 kB
Mlocked:               0 kB
SwapTotal:             0 kB
SwapFree:              0 kB
Dirty:                64 kB
Writeback:            28 kB
AnonPages:       1518108 kB
Mapped:            33432 kB
Shmem:            152388 kB
Slab:              50996 kB
SReclaimable:      23884 kB
SUnreclaim:        27112 kB
KernelStack:        3664 kB
PageTables:        22684 kB
NFS_Unstable:          0 kB
Bounce:                0 kB
WritebackTmp:          0 kB
CommitLimit:      945332 kB
Committed_AS:    3239040 kB
VmallocTotal:   34359738367 kB
VmallocUsed:      351872 kB
VmallocChunk:   34359345840 kB
HardwareCorrupted:     0 kB
AnonHugePages:         0 kB
HugePages_Total:       0
HugePages_Free:        0
HugePages_Rsvd:        0
HugePages_Surp:        0
Hugepagesize:       2048 kB
DirectMap4k:       53248 kB
DirectMap2M:     1959936 kB


CPU:total 4 (2 cores per cpu, 2 threads per core) family 6 model 42 stepping 7, cmov, cx8, fxsr, mmx, sse, sse2, sse3, ssse3, sse4.1, sse4.2, popcnt, avx, clmul, ht, tsc, tscinvbit

/proc/cpuinfo:
processor	: 0
vendor_id	: GenuineIntel
cpu family	: 6
model		: 42
model name	: Intel(R) Core(TM) i3-2120 CPU @ 3.30GHz
stepping	: 7
microcode	: 0x23
cpu MHz		: 2200.000
cache size	: 3072 KB
physical id	: 0
siblings	: 4
core id		: 0
cpu cores	: 2
apicid		: 0
initial apicid	: 0
fpu		: yes
fpu_exception	: yes
cpuid level	: 13
wp		: yes
flags		: fpu vme de pse tsc msr pae mce cx8 apic sep mtrr pge mca cmov pat pse36 clflush dts acpi mmx fxsr sse sse2 ss ht tm pbe syscall nx rdtscp lm constant_tsc arch_perfmon pebs bts rep_good nopl xtopology nonstop_tsc aperfmperf pni pclmulqdq dtes64 monitor ds_cpl vmx est tm2 ssse3 cx16 xtpr pdcm pcid sse4_1 sse4_2 popcnt tsc_deadline_timer xsave avx lahf_lm arat epb xsaveopt pln pts dtherm tpr_shadow vnmi flexpriority ept vpid
bogomips	: 6585.31
clflush size	: 64
cache_alignment	: 64
address sizes	: 36 bits physical, 48 bits virtual
power management:

processor	: 1
vendor_id	: GenuineIntel
cpu family	: 6
model		: 42
model name	: Intel(R) Core(TM) i3-2120 CPU @ 3.30GHz
stepping	: 7
microcode	: 0x23
cpu MHz		: 1600.000
cache size	: 3072 KB
physical id	: 0
siblings	: 4
core id		: 1
cpu cores	: 2
apicid		: 2
initial apicid	: 2
fpu		: yes
fpu_exception	: yes
cpuid level	: 13
wp		: yes
flags		: fpu vme de pse tsc msr pae mce cx8 apic sep mtrr pge mca cmov pat pse36 clflush dts acpi mmx fxsr sse sse2 ss ht tm pbe syscall nx rdtscp lm constant_tsc arch_perfmon pebs bts rep_good nopl xtopology nonstop_tsc aperfmperf pni pclmulqdq dtes64 monitor ds_cpl vmx est tm2 ssse3 cx16 xtpr pdcm pcid sse4_1 sse4_2 popcnt tsc_deadline_timer xsave avx lahf_lm arat epb xsaveopt pln pts dtherm tpr_shadow vnmi flexpriority ept vpid
bogomips	: 6584.72
clflush size	: 64
cache_alignment	: 64
address sizes	: 36 bits physical, 48 bits virtual
power management:

processor	: 2
vendor_id	: GenuineIntel
cpu family	: 6
model		: 42
model name	: Intel(R) Core(TM) i3-2120 CPU @ 3.30GHz
stepping	: 7
microcode	: 0x23
cpu MHz		: 3300.000
cache size	: 3072 KB
physical id	: 0
siblings	: 4
core id		: 0
cpu cores	: 2
apicid		: 1
initial apicid	: 1
fpu		: yes
fpu_exception	: yes
cpuid level	: 13
wp		: yes
flags		: fpu vme de pse tsc msr pae mce cx8 apic sep mtrr pge mca cmov pat pse36 clflush dts acpi mmx fxsr sse sse2 ss ht tm pbe syscall nx rdtscp lm constant_tsc arch_perfmon pebs bts rep_good nopl xtopology nonstop_tsc aperfmperf pni pclmulqdq dtes64 monitor ds_cpl vmx est tm2 ssse3 cx16 xtpr pdcm pcid sse4_1 sse4_2 popcnt tsc_deadline_timer xsave avx lahf_lm arat epb xsaveopt pln pts dtherm tpr_shadow vnmi flexpriority ept vpid
bogomips	: 6584.73
clflush size	: 64
cache_alignment	: 64
address sizes	: 36 bits physical, 48 bits virtual
power management:

processor	: 3
vendor_id	: GenuineIntel
cpu family	: 6
model		: 42
model name	: Intel(R) Core(TM) i3-2120 CPU @ 3.30GHz
stepping	: 7
microcode	: 0x23
cpu MHz		: 3000.000
cache size	: 3072 KB
physical id	: 0
siblings	: 4
core id		: 1
cpu cores	: 2
apicid		: 3
initial apicid	: 3
fpu		: yes
fpu_exception	: yes
cpuid level	: 13
wp		: yes
flags		: fpu vme de pse tsc msr pae mce cx8 apic sep mtrr pge mca cmov pat pse36 clflush dts acpi mmx fxsr sse sse2 ss ht tm pbe syscall nx rdtscp lm constant_tsc arch_perfmon pebs bts rep_good nopl xtopology nonstop_tsc aperfmperf pni pclmulqdq dtes64 monitor ds_cpl vmx est tm2 ssse3 cx16 xtpr pdcm pcid sse4_1 sse4_2 popcnt tsc_deadline_timer xsave avx lahf_lm arat epb xsaveopt pln pts dtherm tpr_shadow vnmi flexpriority ept vpid
bogomips	: 6584.73
clflush size	: 64
cache_alignment	: 64
address sizes	: 36 bits physical, 48 bits virtual
power management:



Memory: 4k page, physical 1890664k(75024k free), swap 0k(0k free)

vm_info: Java HotSpot(TM) 64-Bit Server VM (25.101-b13) for linux-amd64 JRE (1.8.0_101-b13), built on Jun 22 2016 02:59:44 by "java_re" with gcc 4.3.0 20080428 (Red Hat 4.3.0-8)

time: Thu Mar  1 15:54:57 2018
elapsed time: 1 seconds (0d 0h 0m 1s)

